

a
¨¡    ¨¢    ¨£    ¨¤    

ai
¨¡i    ¨¢i    ¨£i    ¨¤i    

an
¨¡n    ¨¢n    ¨£n    ¨¤n    

ang
¨¡ng    ¨¢ng    ¨¤ng    

ao
¨¡o    ¨¢o    ¨£o    ¨¤o    

ba
b¨¡    b¨¢    b¨£    b¨¤    

bai
b¨¡i    b¨¢i    b¨£i    b¨¤i    

ban
b¨¡n    b¨£n    b¨¤n    

bang
b¨¡ng    b¨£ng    b¨¤ng    

bao
b¨¡o    b¨¢o    b¨£o    b¨¤o    

bei
b¨¥i    b¨§i    b¨¨i    

ben
b¨¥n    b¨§n    b¨¨n    

beng
b¨¥ng    b¨¦ng    b¨§ng    b¨¨ng    

bi
b¨©    b¨ª    b¨«    b¨¬    

bian
bi¨¡n    bi¨£n    bi¨¤n    

biao
bi¨¡o    bi¨¢o    bi¨£o    bi¨¤o    

bie
bi¨¥    bi¨¦    bi¨§    bi¨¨    

bin
b¨©n    b¨¬n    

bing
b¨©ng    b¨«ng    b¨¬ng    

bo
b¨­    b¨®    b¨¯    b¨°    

bu
b¨±    b¨²    b¨³    b¨´    

ca
c¨¡    c¨£    c¨¤    

cai
c¨¡i    c¨¢i    c¨£i    c¨¤i    

can
c¨¡n    c¨¢n    c¨£n    c¨¤n    

cang
c¨¡ng    c¨¢ng    c¨¤ng    

cao
c¨¡o    c¨¢o    c¨£o    c¨¤o    

ce
c¨¨    

cen
c¨¥n    c¨¦n    

ceng
c¨¥ng    c¨¦ng    c¨¨ng    

cha
ch¨¡    ch¨¢    ch¨£    ch¨¤    

chai
ch¨¡i    ch¨¢i    ch¨£i    ch¨¤i    

chan
ch¨¡n    ch¨¢n    ch¨£n    ch¨¤n    

chang
ch¨¡ng    ch¨¢ng    ch¨£ng    ch¨¤ng    

chao
ch¨¡o    ch¨¢o    ch¨£o    ch¨¤o    

che
ch¨¥    ch¨§    ch¨¨    

chen
ch¨¥n    ch¨¦n    ch¨§n    ch¨¨n    

cheng
ch¨¥ng    ch¨¦ng    ch¨§ng    ch¨¨ng    

chi
ch¨©    ch¨ª    ch¨«    ch¨¬    

chong
ch¨­ng    ch¨®ng    ch¨¯ng    ch¨°ng    

chou
ch¨­u    ch¨®u    ch¨¯u    ch¨°u    

chu
ch¨±    ch¨²    ch¨³    ch¨´    

chua
chu¨¡    

chuai
chu¨¡i    chu¨¢i    chu¨£i    chu¨¤i    

chuan
chu¨¡n    chu¨¢n    chu¨£n    chu¨¤n    

chuang
chu¨¡ng    chu¨¢ng    chu¨£ng    chu¨¤ng    

chui
chu¨©    chu¨ª    

chun
ch¨±n    ch¨²n    ch¨³n    

chuo
chu¨­    chu¨°    

ci
c¨©    c¨ª    c¨«    c¨¬    

cong
c¨­ng    c¨®ng    c¨°ng    

cou
c¨°u    

cu
c¨±    c¨²    c¨´    

cuan
cu¨¡n    cu¨¢n    cu¨¤n    

cui
cu¨©    cu¨«    cu¨¬    

cun
c¨±n    c¨²n    c¨³n    c¨´n    

cuo
cu¨­    cu¨®    cu¨¯    cu¨°    

da
d¨¡    d¨¢    d¨£    d¨¤    

dai
d¨¡i    d¨£i    d¨¤i    

dan
d¨¡n    d¨£n    d¨¤n    

dang
d¨¡ng    d¨£ng    d¨¤ng    

dao
d¨¡o    d¨¢o    d¨£o    d¨¤o    

de
d¨¥    d¨¦    

den
d¨¨n    

dei
d¨¥i    d¨§i    

deng
d¨¥ng    d¨§ng    d¨¨ng    

di
d¨©    d¨ª    d¨«    d¨¬    

dia
di¨£    

dian
di¨¡n    di¨£n    di¨¤n    

diao
di¨¡o    di¨£o    di¨¤o    

die
di¨¥    di¨¦    di¨¨    

ding
d¨©ng    d¨«ng    d¨¬ng    

diu
di¨±    

dong
d¨­ng    d¨¯ng    d¨°ng    

dou
d¨­u    d¨®u    d¨¯u    d¨°u    

du
d¨±    d¨²    d¨³    d¨´    

duan
du¨¡n    du¨£n    du¨¤n    

dui
du¨©    du¨«    du¨¬    

dun
d¨±n    d¨³n    d¨´n    

duo
du¨­    du¨®    du¨¯    du¨°    

e
¨¥    ¨¦    ¨§    ¨¨    

ei
¨¥i    

en
¨¥n    ¨§n    ¨¨n    

eng
¨¥ng    

er
¨¥r    ¨¦r    ¨§r    ¨¨r    

fa
f¨¡    f¨¢    f¨£    f¨¤    

fan
f¨¡n    f¨¢n    f¨£n    f¨¤n    

fang
f¨¡ng    f¨¢ng    f¨£ng    f¨¤ng    

fei
f¨¥i    f¨¦i    f¨§i    f¨¨i    

fen
f¨¥n    f¨¦n    f¨§n    f¨¨n    

feng
f¨¥ng    f¨¦ng    f¨§ng    f¨¨ng    

fo
f¨®    

fou
f¨®u    f¨¯u    

fu
f¨±    f¨²    f¨³    f¨´    

ga
g¨¡    g¨¢    g¨£    g¨¤    

gai
g¨¡i    g¨£i    g¨¤i    

gan
g¨¡n    g¨£n    g¨¤n    

gang
g¨¡ng    g¨£ng    g¨¤ng    

gao
g¨¡o    g¨£o    g¨¤o    

ge
g¨¥    g¨¦    g¨§    g¨¨    

gei
g¨§i    

gen
g¨¥n    g¨¦n    g¨§n    g¨¨n    

geng
g¨¥ng    g¨§ng    g¨¨ng    

gong
g¨­ng    g¨¯ng    g¨°ng    

gou
g¨­u    g¨¯u    g¨°u    

gu
g¨±    g¨²    g¨³    g¨´    

gua
gu¨¡    gu¨£    gu¨¤    

guai
gu¨¡i    gu¨¢i    gu¨£i    gu¨¤i    

guan
gu¨¡n    gu¨£n    gu¨¤n    

guang
gu¨¡ng    gu¨£ng    gu¨¤ng    

gui
gu¨©    gu¨«    gu¨¬    

gun
g¨³n    g¨´n    

guo
gu¨­    gu¨®    gu¨¯    gu¨°    

ha
h¨¡    h¨¢    h¨£    h¨¤    

hai
h¨¡i    h¨¢i    h¨£i    h¨¤i    

han
h¨¡n    h¨¢n    h¨£n    h¨¤n    

hang
h¨¡ng    h¨¢ng    h¨¤ng    

hao
h¨¡o    h¨¢o    h¨£o    h¨¤o    

he
h¨¥    h¨¦    h¨¨    

hei
h¨¥i    

hen
h¨¦n    h¨§n    h¨¨n    

heng
h¨¥ng    h¨¦ng    h¨¦ng    h¨¨ng    

hong
h¨­ng    h¨®ng    h¨¯ng    h¨°ng    

hou
h¨­u    h¨®u    h¨¯u    h¨°u    

hu
h¨±    h¨²    h¨³    h¨´    

hua
hu¨¡    hu¨¢    hu¨¤    

huai
hu¨¢i    hu¨¤i    

huan
hu¨¡n    hu¨¢n    hu¨£n    hu¨¤n    

huang
hu¨¡ng    hu¨¢ng    hu¨£ng    hu¨¤ng    

hui
hu¨©    hu¨ª    hu¨«    hu¨¬    

hun
h¨±n    h¨²n    h¨³n    h¨´n    

huo
hu¨­    hu¨®    hu¨¯    hu¨°    

ji
j¨©    j¨ª    j¨«    j¨¬    

jia
ji¨¡    ji¨¢    ji¨£    ji¨¤    

jian
ji¨¡n    ji¨¢n    ji¨£n    ji¨¤n    

jiang
ji¨¡ng    ji¨£ng    ji¨¤ng    

jiao
ji¨¡o    ji¨¢o    ji¨£o    ji¨¤o    

jie
ji¨¥    ji¨¦    ji¨§    ji¨¨    

jin
j¨©n    j¨«n    j¨¬n    

jing
j¨©ng    j¨«ng    j¨¬ng    

jiong
ji¨­ng    ji¨¯ng    

jiu
ji¨±    ji¨³    ji¨´    

ju
j¨±    j¨²    j¨³    j¨´    

juan
ju¨¡n    ju¨£n    ju¨¤n    

jue
ju¨¥    ju¨¦    ju¨¨    

jun
j¨±n    j¨´n    

ka
k¨¡    k¨£    

kai
k¨¡i    k¨£i    k¨¤i    

kan
k¨¡n    k¨£n    k¨¤n    

kang
k¨¡ng    k¨¢ng    k¨¤ng    

kao
k¨¡o    k¨£o    k¨¤o    

ke
k¨¥    k¨¦    k¨§    k¨¨    

ken
k¨§n    k¨¨n    

keng
k¨¥ng    

kong
k¨­ng    k¨¯ng    k¨°ng    

kou
k¨­u    k¨¯u    k¨°u    

ku
k¨±    k¨³    k¨´    

kua
ku¨¡    ku¨£    ku¨¤    

kuai
ku¨£i    ku¨¤i    

kuan
ku¨¡n    ku¨£n    

kuang
ku¨¡ng    ku¨¢ng    ku¨£ng    ku¨¤ng    

kui
ku¨©    ku¨ª    ku¨«    ku¨¬    

kun
k¨±n    k¨³n    k¨´n    

kuo
ku¨°    

la
l¨¡    l¨¢    l¨£    l¨¤    

lai
l¨¡i    l¨¢i    l¨£i    l¨¤i    

lan
l¨¢n    l¨£n    l¨¤n    

lang
l¨¡ng    l¨¢ng    l¨£ng    l¨¤ng    

lao
l¨¡o    l¨¢o    l¨£o    l¨¤o    

le
l¨¥    l¨¨    

lei
l¨¥i    l¨¦i    l¨§i    l¨¨i    

leng
l¨¥ng    l¨¦ng    l¨§ng    l¨¨ng    

li
l¨©    l¨ª    l¨«    l¨¬    

lia
li¨£    

lian
li¨¢n    li¨£n    li¨¤n    

liang
li¨¢ng    li¨£ng    li¨¤ng    

liao
li¨¡o    li¨¢o    li¨£o    li¨¤o    

lie
li¨§    li¨¨    

lin
l¨©n    l¨ªn    l¨«n    l¨¬n    

ling
l¨ªng    l¨«ng    l¨¬ng    

liu
li¨±    li¨²    li¨³    li¨´    

long
l¨®ng    l¨¯ng    l¨°ng    

lou
l¨­u    l¨®u    l¨¯u    l¨°u    

lu
l¨±    l¨²    l¨³    l¨´    

l¨¹
l¨¶    l¨·    l¨¸    

luan
lu¨¢n    lu¨£n    lu¨¤n    

lue
lu¨¨    

l¨¹e
l¨¹¨¨    

lun
l¨±n    l¨²n    l¨³n    l¨´n    

luo
lu¨­    lu¨®    lu¨¯    lu¨°    

m


ma
m¨¡    m¨¢    m¨£    m¨¤    

mai
m¨¢i    m¨£i    m¨¤i    

man
m¨¡n    m¨¢n    m¨£n    m¨¤n    

mang
m¨¡ng    m¨¢ng    m¨£ng    

mao
m¨¡o    m¨¢o    m¨£o    m¨¤o    

me


mei
m¨¦i    m¨§i    m¨¨i    

men
m¨¥n    m¨¦n    m¨¨n    

meng
m¨¥ng    m¨¦ng    m¨§ng    m¨¨ng    

mi
m¨©    m¨ª    m¨«    m¨¬    

mian
mi¨¢n    mi¨£n    mi¨¤n    

miao
mi¨¡o    mi¨¢o    mi¨£o    mi¨¤o    

mie
mi¨¥    mi¨¨    

min
m¨ªn    m¨«n    

ming
m¨ªng    m¨«ng    m¨¬ng    

miu
mi¨´    

mo
m¨­    m¨®    m¨¯    m¨°    

mou
m¨­u    m¨®u    m¨¯u    

mu
m¨²    m¨³    m¨´    

na
n¨¡    n¨¢    n¨£    n¨¤    

nai
n¨¢i    n¨£i    n¨¤i    

nan
n¨¡n    n¨¢n    n¨£n    n¨¤n    

nang
n¨¡ng    n¨¢ng    n¨£ng    n¨¤ng    

nao
n¨¡o    n¨¢o    n¨£o    n¨¤o    

ne
n¨¦    n¨¨    

nei
n¨§i    n¨¨i    

nen
n¨¨n    

neng
n¨¦ng    

ng


ni
n¨©    n¨ª    n¨«    n¨¬    

nian
ni¨¡n    ni¨¢n    ni¨£n    ni¨¤n    

niang
ni¨¢ng    ni¨¤ng    

niao
ni¨£o    ni¨¤o    

nie
ni¨¥    ni¨¦    ni¨¨    

nin
n¨ªn    n¨«n    

ning
n¨ªng    n¨«ng    n¨¬ng    

niu
ni¨±    ni¨²    ni¨³    ni¨´    

nong
n¨®ng    n¨¯ng    n¨°ng    

nou
n¨®u    n¨°u    

nu
n¨²    n¨³    n¨´    

n¨¹
n¨·    n¨¸    

nuan
nu¨¢n    nu¨£n    

n¨¹e
n¨¹¨¨    

nuo
nu¨®    nu¨°    

nun
n¨²n    

o
¨­    ¨®    

ou
¨­u    ¨¯u    ¨°u    

pa
p¨¡    p¨¢    p¨¤    

pai
p¨¡i    p¨¢i    p¨£i    p¨¤i    

pan
p¨¡n    p¨¢n    p¨£n    p¨¤n    

pang
p¨¡ng    p¨¢ng    p¨£ng    p¨¤ng    

pao
p¨¡o    p¨¢o    p¨£o    p¨¤o    

pei
p¨¥i    p¨¦i    p¨§i    p¨¨i    

pen
p¨¥n    p¨¦n    p¨§n    p¨¨n    

peng
p¨¥ng    p¨¦ng    p¨§ng    p¨¨ng    

pi
p¨©    p¨ª    p¨«    p¨¬    

pian
pi¨¡n    pi¨¢n    pi¨£n    pi¨¤n    

piao
pi¨¡o    pi¨¢o    pi¨£o    pi¨¤o    

pie
pi¨¥    pi¨§    pi¨¨    

pin
p¨©n    p¨ªn    p¨«n    p¨¬n    

ping
p¨©ng    p¨ªng    p¨«ng    

po
p¨­    p¨®    p¨¯    p¨°    

pou
p¨­u    p¨®u    p¨¯u    

pu
p¨±    p¨²    p¨³    p¨´    

qi
q¨©    q¨ª    q¨«    q¨¬    

qia
qi¨¡    qi¨¢    qi¨£    qi¨¤    

qian
qi¨¡n    qi¨¢n    qi¨£n    qi¨¤n    

qiang
qi¨¡ng    qi¨¢ng    qi¨£ng    qi¨¤ng    

qiao
qi¨¡o    qi¨¢o    qi¨£o    qi¨¤o    

qie
qi¨¥    qi¨¦    qi¨§    qi¨¨    

qin
q¨©n    q¨ªn    q¨«n    q¨¬n    

qing
q¨©ng    q¨ªng    q¨«ng    q¨¬ng    

qiong
qi¨­ng    qi¨®ng    qi¨®ng    

qiu
qi¨±    qi¨²    qi¨³    

qu
q¨±    q¨²    q¨³    q¨´    

quan
qu¨¡n    qu¨¢n    qu¨£n    qu¨¤n    

que
qu¨¥    qu¨¦    qu¨¨    

qun
q¨±n    q¨²n    

ran
r¨¢n    r¨£n    

rang
r¨¡ng    r¨¢ng    r¨£ng    r¨¤ng    

rao
r¨¢o    r¨£o    r¨¤o    

re
r¨§    r¨¨    

ren
r¨¦n    r¨§n    r¨¨n    

reng
r¨¥ng    r¨¦ng    r¨¨ng    

ri
r¨¬    

rong
r¨®ng    r¨¯ng    

rou
r¨®u    r¨¯u    r¨°u    

ru
r¨²    r¨³    r¨´    

ruan
ru¨¢n    ru¨£n    

rui
ru¨ª    ru¨«    ru¨¬    

run
r¨´n    

ruo
ru¨®    ru¨°    

sa
s¨¡    s¨£    s¨¤    

sai
s¨¡i    s¨¤i    

san
s¨¡n    s¨£n    s¨¤n    

sang
s¨¡ng    s¨£ng    s¨¤ng    

sao
s¨¡o    s¨£o    s¨¤o    

se
s¨¥    s¨¨    

sen
s¨¥n    

seng
s¨¥ng    

sha
sh¨¡    sh¨¢    sh¨£    sh¨¤    

shai
sh¨¡i    sh¨£i    sh¨¤i    

shan
sh¨¡n    sh¨£n    sh¨¤n    

shang
sh¨¡ng    sh¨£ng    sh¨¤ng    

shao
sh¨¡o    sh¨¢o    sh¨£o    sh¨¤o    

she
sh¨¥    sh¨¦    sh¨§    sh¨¨    

shei
sh¨¦i    

shen
sh¨¥n    sh¨¦n    sh¨§n    sh¨¨n    

sheng
sh¨¥ng    sh¨¦ng    sh¨§ng    sh¨¨ng    

shi
sh¨©    sh¨ª    sh¨«    sh¨¬    

shou
sh¨­u    sh¨®u    sh¨¯u    sh¨°u    

shu
sh¨±    sh¨²    sh¨³    sh¨´    

shua
shu¨¡    shu¨£    shu¨¤    

shuai
shu¨¡i    shu¨£i    shu¨¤i    

shuan
shu¨¡n    shu¨¤n    

shuang
shu¨¡ng    shu¨£ng    shu¨¤ng    

shui
shu¨ª    shu¨«    shu¨¬    

shun
sh¨±n    sh¨³n    sh¨´n    

shuo
shu¨­    shu¨°    

si
s¨©    s¨«    s¨¬    

song
s¨­ng    s¨¯ng    s¨°ng    

sou
s¨­u    s¨¯u    s¨°u    

su
s¨±    s¨²    s¨´    

suan
su¨¡n    su¨£n    su¨¤n    

sui
su¨©    su¨ª    su¨«    su¨¬    

sun
s¨±n    s¨³n    s¨´n    

suo
su¨­    su¨¯    su¨°    

ta
t¨¡    t¨£    t¨¤    

tai
t¨¡i    t¨¢i    t¨£i    t¨¤i    

tan
t¨¡n    t¨¢n    t¨£n    t¨¤n    

tang
t¨¡ng    t¨¢ng    t¨£ng    t¨¤ng    

tao
t¨¡o    t¨¢o    t¨£o    t¨¤o    

te
t¨¨    

teng
t¨¥ng    t¨¦ng    t¨¨ng    

ti
t¨©    t¨ª    t¨«    t¨¬    

tian
ti¨¡n    ti¨¢n    ti¨£n    ti¨¤n    

tiao
ti¨¡o    ti¨¢o    ti¨£o    ti¨¤o    

tie
ti¨¥    ti¨§    ti¨¨    

ting
t¨©ng    t¨ªng    t¨«ng    t¨¬ng    

tong
t¨­ng    t¨®ng    t¨¯ng    t¨°ng    

tou
t¨­u    t¨®u    t¨¯u    t¨°u    

tu
t¨±    t¨²    t¨³    t¨´    

tuan
tu¨¡n    tu¨¢n    tu¨£n    tu¨¤n    

tui
tu¨©    tu¨ª    tu¨«    tu¨¬    

tun
t¨±n    t¨²n    t¨³n    t¨´n    

tuo
tu¨­    tu¨®    tu¨¯    tu¨°    

wa
w¨¡    w¨¢    w¨£    w¨¤    

wai
w¨¡i    w¨£i    w¨¤i    

wan
w¨¡n    w¨¢n    w¨£n    w¨¤n    

wang
w¨¡ng    w¨¢ng    w¨£ng    w¨¤ng    

wei
w¨¥i    w¨¦i    w¨§i    w¨¨i    

wen
w¨¥n    w¨¦n    w¨§n    w¨¨n    

weng
w¨¥ng    w¨§ng    w¨¨ng    

wo
w¨­    w¨¯    w¨°    

wu
w¨±    w¨²    w¨³    w¨´    

xi
x¨©    x¨ª    x¨«    x¨¬    

xia
xi¨¡    xi¨¢    xi¨£    xi¨¤    

xian
xi¨¡n    xi¨¢n    xi¨£n    xi¨¤n    

xiang
xi¨¡ng    xi¨¢ng    xi¨£ng    xi¨¤ng    

xiao
xi¨¡o    xi¨¢o    xi¨£o    xi¨¤o    

xie
xi¨¥    xi¨¦    xi¨§    xi¨¨    

xin
x¨©n    x¨ªn    x¨«n    x¨¬n    

xing
x¨©ng    x¨ªng    x¨«ng    x¨¬ng    

xiong
xi¨­ng    xi¨®ng    xi¨¯ng    xi¨°ng    

xiu
xi¨±    xi¨²    xi¨³    xi¨´    

xu
x¨±    x¨²    x¨³    x¨´    

xuan
xu¨¡n    xu¨¢n    xu¨£n    xu¨¤n    

xue
xu¨¥    xu¨¦    xu¨§    xu¨¨    

xun
x¨±n    x¨²n    x¨´n    

ya
y¨¡    y¨¢    y¨£    y¨¤    

yan
y¨¡n    y¨¢n    y¨£n    y¨¤n    

yang
y¨¡ng    y¨¢ng    y¨£ng    y¨¤ng    

yao
y¨¡o    y¨¢o    y¨£o    y¨¤o    

ye
y¨¥    y¨¦    y¨§    y¨¨    

yi
y¨©    y¨ª    y¨«    y¨¬    

yin
y¨©n    y¨ªn    y¨«n    y¨¬n    

ying
y¨©ng    y¨ªng    y¨«ng    y¨¬ng    

yo
y¨­    

yong
y¨­ng    y¨®ng    y¨¯ng    y¨°ng    

you
y¨­u    y¨®u    y¨¯u    y¨°u    

yu
y¨±    y¨²    y¨³    y¨´    

yuan
yu¨¡n    yu¨¢n    yu¨£n    yu¨¤n    

yue
yu¨¥    yu¨§    yu¨¨    

yun
y¨±n    y¨²n    y¨³n    y¨´n    

za
z¨¡    z¨¢    z¨£    

zai
z¨¡i    z¨£i    z¨¤i    

zan
z¨¡n    z¨¢n    z¨£n    z¨¤n    

zang
z¨¡ng    z¨£ng    z¨¤ng    

zao
z¨¡o    z¨¢o    z¨£o    z¨¤o    

ze
z¨¦    z¨¨    

zei
z¨¦i    

zen
z¨§n    z¨¨n    

zeng
z¨¥ng    z¨¨ng    

zha
zh¨¡    zh¨¢    zh¨£    zh¨¤    

zhai
zh¨¡i    zh¨¢i    zh¨£i    zh¨¤i    

zhan
zh¨¡n    zh¨¢n    zh¨£n    zh¨¤n    

zhang
zh¨¡ng    zh¨£ng    zh¨¤ng    

zhao
zh¨¡o    zh¨¢o    zh¨£o    zh¨¤o    

zhe
zh¨¥    zh¨¦    zh¨§    zh¨¨    

zhei
zh¨¨i    

zhen
zh¨¥n    zh¨§n    zh¨¨n    

zheng
zh¨¥ng    zh¨§ng    zh¨¨ng    

zhi
zh¨©    zh¨ª    zh¨«    zh¨¬    

zhong
zh¨­ng    zh¨¯ng    zh¨°ng    

zhou
zh¨­u    zh¨®u    zh¨¯u    zh¨°u    

zhu
zh¨±    zh¨²    zh¨³    zh¨´    

zhua
zhu¨¡    zhu¨£    

zhuai
zhu¨¡i    zhu¨¢i    zhu¨£i    zhu¨¤i    

zhuan
zhu¨¡n    zhu¨£n    zhu¨¤n    

zhuang
zhu¨¡ng    zhu¨£ng    zhu¨¤ng    

zhui
zhu¨©    zhu¨«    zhu¨¬    

zhun
zh¨±n    zh¨³n    zh¨´n    

zhuo
zhu¨­    zhu¨®    

zi
z¨©    z¨ª    z¨«    z¨¬    

zong
z¨­ng    z¨¯ng    z¨°ng    

zou
z¨­u    z¨¯u    z¨°u    

zu
z¨±    z¨²    z¨³    

zuan
zu¨¡n    zu¨£n    zu¨¤n    

zui
zu¨©    zu¨«    zu¨¬    

zun
z¨±n    z¨³n    z¨´n    

zuo
zu¨­    zu¨®    zu¨¯    zu¨°    